<?xml version="1.0" encoding="UTF-8"?>
<!-- Generated by org.testng.reporters.JUnitXMLReporter -->
<testsuite hostname="DESKTOP-BKCFD6N" ignored="0" name="Default test" tests="5" failures="0" timestamp="2022-11-12T15:34:17 IST" time="11.26" errors="0">
  <testcase name="CreateUser_TC03" time="7.53" classname="com.api.tests.APITest"/>
  <testcase name="DeleteUser_TC05" time="1.074" classname="com.api.tests.APITest"/>
  <testcase name="ListUsers_TC01" time="0.793" classname="com.api.tests.APITest"/>
  <testcase name="SingleUser_TC02" time="0.946" classname="com.api.tests.APITest"/>
  <testcase name="UpdateUser_TC04" time="0.827" classname="com.api.tests.APITest"/>
</testsuite> <!-- Default test -->
