<?xml version="1.0" encoding="UTF-8"?>
<testng-results skipped="0" failed="0" ignored="0" total="5" passed="5">
  <reporter-output>
  </reporter-output>
  <suite name="Default suite" duration-ms="11260" started-at="2022-11-12T15:34:06 IST" finished-at="2022-11-12T15:34:17 IST">
    <groups>
    </groups>
    <test name="Default test" duration-ms="11260" started-at="2022-11-12T15:34:06 IST" finished-at="2022-11-12T15:34:17 IST">
      <class name="com.api.tests.APITest">
        <test-method status="PASS" signature="init()[pri:0, instance:com.api.tests.APITest@ed9d034]" name="init" is-config="true" duration-ms="1344" started-at="2022-11-12T15:34:04 IST" finished-at="2022-11-12T15:34:06 IST">
          <reporter-output>
          </reporter-output>
        </test-method> <!-- init -->
        <test-method status="PASS" signature="CreateUser_TC03()[pri:0, instance:com.api.tests.APITest@ed9d034]" name="CreateUser_TC03" duration-ms="7530" started-at="2022-11-12T15:34:06 IST" finished-at="2022-11-12T15:34:13 IST">
          <reporter-output>
          </reporter-output>
        </test-method> <!-- CreateUser_TC03 -->
        <test-method status="PASS" signature="DeleteUser_TC05()[pri:0, instance:com.api.tests.APITest@ed9d034]" name="DeleteUser_TC05" duration-ms="1074" started-at="2022-11-12T15:34:13 IST" finished-at="2022-11-12T15:34:14 IST">
          <reporter-output>
          </reporter-output>
        </test-method> <!-- DeleteUser_TC05 -->
        <test-method status="PASS" signature="ListUsers_TC01()[pri:0, instance:com.api.tests.APITest@ed9d034]" name="ListUsers_TC01" duration-ms="793" started-at="2022-11-12T15:34:14 IST" finished-at="2022-11-12T15:34:15 IST">
          <reporter-output>
          </reporter-output>
        </test-method> <!-- ListUsers_TC01 -->
        <test-method status="PASS" signature="SingleUser_TC02()[pri:0, instance:com.api.tests.APITest@ed9d034]" name="SingleUser_TC02" duration-ms="946" started-at="2022-11-12T15:34:15 IST" finished-at="2022-11-12T15:34:16 IST">
          <reporter-output>
          </reporter-output>
        </test-method> <!-- SingleUser_TC02 -->
        <test-method status="PASS" signature="UpdateUser_TC04()[pri:0, instance:com.api.tests.APITest@ed9d034]" name="UpdateUser_TC04" duration-ms="827" started-at="2022-11-12T15:34:16 IST" finished-at="2022-11-12T15:34:17 IST">
          <reporter-output>
          </reporter-output>
        </test-method> <!-- UpdateUser_TC04 -->
        <test-method status="FAIL" signature="closeapp()[pri:0, instance:com.api.tests.APITest@ed9d034]" name="closeapp" is-config="true" duration-ms="0" started-at="2022-11-12T15:34:17 IST" finished-at="2022-11-12T15:34:17 IST">
          <exception class="java.lang.NullPointerException">
            <full-stacktrace>
              <![CDATA[java.lang.NullPointerException
at com.vtiger.tests.BaseTest.closeapp(BaseTest.java:66)
at sun.reflect.NativeMethodAccessorImpl.invoke0(Native Method)
at sun.reflect.NativeMethodAccessorImpl.invoke(NativeMethodAccessorImpl.java:62)
at sun.reflect.DelegatingMethodAccessorImpl.invoke(DelegatingMethodAccessorImpl.java:43)
at java.lang.reflect.Method.invoke(Method.java:498)
at org.testng.internal.MethodInvocationHelper.invokeMethod(MethodInvocationHelper.java:133)
at org.testng.internal.MethodInvocationHelper.invokeMethodConsideringTimeout(MethodInvocationHelper.java:62)
at org.testng.internal.ConfigInvoker.invokeConfigurationMethod(ConfigInvoker.java:340)
at org.testng.internal.ConfigInvoker.invokeConfigurations(ConfigInvoker.java:294)
at org.testng.SuiteRunner.privateRun(SuiteRunner.java:369)
at org.testng.SuiteRunner.run(SuiteRunner.java:304)
at org.testng.SuiteRunnerWorker.runSuite(SuiteRunnerWorker.java:53)
at org.testng.SuiteRunnerWorker.run(SuiteRunnerWorker.java:96)
at org.testng.TestNG.runSuitesSequentially(TestNG.java:1180)
at org.testng.TestNG.runSuitesLocally(TestNG.java:1102)
at org.testng.TestNG.runSuites(TestNG.java:1032)
at org.testng.TestNG.run(TestNG.java:1000)
at org.testng.remote.AbstractRemoteTestNG.run(AbstractRemoteTestNG.java:115)
at org.testng.remote.RemoteTestNG.initAndRun(RemoteTestNG.java:251)
at org.testng.remote.RemoteTestNG.main(RemoteTestNG.java:77)
]]>
            </full-stacktrace>
          </exception> <!-- java.lang.NullPointerException -->
          <reporter-output>
          </reporter-output>
        </test-method> <!-- closeapp -->
      </class> <!-- com.api.tests.APITest -->
    </test> <!-- Default test -->
  </suite> <!-- Default suite -->
</testng-results>
